Release 14.7 - xst P.20131013 (nt64)
Copyright (c) 1995-2013 Xilinx, Inc.  All rights reserved.
--> Parameter TMPDIR set to xst/projnav.tmp


Total REAL time to Xst completion: 0.00 secs
Total CPU time to Xst completion: 0.17 secs
 
--> Parameter xsthdpdir set to xst


Total REAL time to Xst completion: 0.00 secs
Total CPU time to Xst completion: 0.17 secs
 
--> Reading design: top.prj

TABLE OF CONTENTS
  1) Synthesis Options Summary
  2) HDL Parsing
  3) HDL Elaboration
  4) HDL Synthesis
       4.1) HDL Synthesis Report
  5) Advanced HDL Synthesis
       5.1) Advanced HDL Synthesis Report
  6) Low Level Synthesis
  7) Partition Report
  8) Design Summary
       8.1) Primitive and Black Box Usage
       8.2) Device utilization summary
       8.3) Partition Resource Summary
       8.4) Timing Report
            8.4.1) Clock Information
            8.4.2) Asynchronous Control Signals Information
            8.4.3) Timing Summary
            8.4.4) Timing Details
            8.4.5) Cross Clock Domains Report


=========================================================================
*                      Synthesis Options Summary                        *
=========================================================================
---- Source Parameters
Input File Name                    : "top.prj"
Ignore Synthesis Constraint File   : NO

---- Target Parameters
Output File Name                   : "top"
Output Format                      : NGC
Target Device                      : xc7k160t-2L-ffg676

---- Source Options
Top Module Name                    : top
Automatic FSM Extraction           : YES
FSM Encoding Algorithm             : Auto
Safe Implementation                : No
FSM Style                          : LUT
RAM Extraction                     : Yes
RAM Style                          : Auto
ROM Extraction                     : Yes
Shift Register Extraction          : YES
ROM Style                          : Auto
Resource Sharing                   : YES
Asynchronous To Synchronous        : NO
Shift Register Minimum Size        : 2
Use DSP Block                      : Auto
Automatic Register Balancing       : No

---- Target Options
LUT Combining                      : Auto
Reduce Control Sets                : Auto
Add IO Buffers                     : YES
Global Maximum Fanout              : 100000
Add Generic Clock Buffer(BUFG)     : 32
Register Duplication               : YES
Optimize Instantiated Primitives   : NO
Use Clock Enable                   : Auto
Use Synchronous Set                : Auto
Use Synchronous Reset              : Auto
Pack IO Registers into IOBs        : Auto
Equivalent register Removal        : YES

---- General Options
Optimization Goal                  : Speed
Optimization Effort                : 1
Power Reduction                    : NO
Keep Hierarchy                     : No
Netlist Hierarchy                  : As_Optimized
RTL Output                         : Yes
Global Optimization                : AllClockNets
Read Cores                         : YES
Write Timing Constraints           : NO
Cross Clock Analysis               : NO
Hierarchy Separator                : /
Bus Delimiter                      : <>
Case Specifier                     : Maintain
Slice Utilization Ratio            : 100
BRAM Utilization Ratio             : 100
DSP48 Utilization Ratio            : 100
Auto BRAM Packing                  : NO
Slice Utilization Ratio Delta      : 5

---- Other Options
Cores Search Directories           : {"ipcore_dir"  }

=========================================================================


=========================================================================
*                          HDL Parsing                                  *
=========================================================================
Analyzing Verilog file "C:\Users\Simon-PC\Desktop\co_lab\ise_proj\pipeline\RF.v" into library work
Parsing verilog file "def.v" included at line 1.
Parsing module <RF>.
Analyzing Verilog file "C:\Users\Simon-PC\Desktop\co_lab\ise_proj\pipeline\PC.v" into library work
Parsing verilog file "def.v" included at line 1.
Parsing module <PC>.
Analyzing Verilog file "C:\Users\Simon-PC\Desktop\co_lab\ise_proj\pipeline\mux.v" into library work
Parsing module <mux2>.
Parsing module <mux3>.
Parsing module <mux4>.
Parsing module <mux8>.
Parsing module <mux16>.
Analyzing Verilog file "C:\Users\Simon-PC\Desktop\co_lab\ise_proj\pipeline\jump_ctrl4.v" into library work
Parsing verilog file "def.v" included at line 1.
Parsing module <jump_ctrl4>.
Analyzing Verilog file "C:\Users\Simon-PC\Desktop\co_lab\ise_proj\pipeline\imm_ext.v" into library work
Parsing module <imm_ext>.
Analyzing Verilog file "C:\Users\Simon-PC\Desktop\co_lab\ise_proj\pipeline\ID_branch_checker.v" into library work
Parsing verilog file "def.v" included at line 1.
Parsing module <ID_branch_checker>.
Analyzing Verilog file "C:\Users\Simon-PC\Desktop\co_lab\ise_proj\pipeline\decoder.v" into library work
Parsing verilog file "def.v" included at line 1.
Parsing module <decoder>.
Analyzing Verilog file "C:\Users\Simon-PC\Desktop\co_lab\ise_proj\pipeline\data_ctrl.v" into library work
Parsing verilog file "def.v" included at line 1.
Parsing module <data_ctrl>.
Analyzing Verilog file "C:\Users\Simon-PC\Desktop\co_lab\ise_proj\pipeline\ctrl.v" into library work
Parsing verilog file "def.v" included at line 1.
Parsing module <ctrl>.
Analyzing Verilog file "C:\Users\Simon-PC\Desktop\co_lab\ise_proj\pipeline\alu.v" into library work
Parsing verilog file "def.v" included at line 1.
Parsing module <alu>.
Analyzing Verilog file "C:\Users\Simon-PC\Desktop\co_lab\ise_proj\pipeline\SSeg7_Dev_IO.v" into library work
Parsing module <SSeg7_Dev>.
Analyzing Verilog file "C:\Users\Simon-PC\Desktop\co_lab\ise_proj\pipeline\SPIO_IO.v" into library work
Parsing module <SPIO>.
Analyzing Verilog file "C:\Users\Simon-PC\Desktop\co_lab\ise_proj\pipeline\SEnter_2_32_IO.v" into library work
Parsing module <SEnter_2_32>.
Analyzing Verilog file "C:\Users\Simon-PC\Desktop\co_lab\ise_proj\pipeline\SAnti_jitter_IO.v" into library work
Parsing module <SAnti_jitter>.
Analyzing Verilog file "C:\Users\Simon-PC\Desktop\co_lab\ise_proj\pipeline\pcpu_core.v" into library work
Parsing verilog file "def.v" included at line 1.
Parsing module <pcpu_core>.
Analyzing Verilog file "C:\Users\Simon-PC\Desktop\co_lab\ise_proj\pipeline\Multi_8CH32_IO.v" into library work
Parsing module <Multi_8CH32>.
Analyzing Verilog file "C:\Users\Simon-PC\Desktop\co_lab\ise_proj\pipeline\MIO_BUS_IO.v" into library work
Parsing module <MIO_BUS>.
Analyzing Verilog file "C:\Users\Simon-PC\Desktop\co_lab\ise_proj\pipeline\ipcore_dir\ROM_D.v" into library work
Parsing module <ROM_D>.
Analyzing Verilog file "C:\Users\Simon-PC\Desktop\co_lab\ise_proj\pipeline\ipcore_dir\RAM_B.v" into library work
Parsing module <RAM_B>.
Analyzing Verilog file "C:\Users\Simon-PC\Desktop\co_lab\ise_proj\pipeline\Counter_3_IO.v" into library work
Parsing module <Counter_x>.
Analyzing Verilog file "C:\Users\Simon-PC\Desktop\co_lab\ise_proj\pipeline\clk_div.v" into library work
Parsing module <clk_div>.
Analyzing Verilog file "C:\Users\Simon-PC\Desktop\co_lab\ise_proj\pipeline\top.v" into library work
Parsing module <top>.

=========================================================================
*                            HDL Elaboration                            *
=========================================================================

Elaborating module <top>.
WARNING:HDLCompiler:1127 - "C:\Users\Simon-PC\Desktop\co_lab\ise_proj\pipeline\top.v" Line 40: Assignment to V5 ignored, since the identifier is never used

Elaborating module <pcpu_core>.

Elaborating module <PC>.
WARNING:HDLCompiler:91 - "C:\Users\Simon-PC\Desktop\co_lab\ise_proj\pipeline\PC.v" Line 16: Signal <PC> missing in the sensitivity list is added for synthesis purposes. HDL and post-synthesis simulations may differ as a result.
"C:\Users\Simon-PC\Desktop\co_lab\ise_proj\pipeline\PC.v" Line 16. $display Current PC: 0x       0
WARNING:HDLCompiler:1127 - "C:\Users\Simon-PC\Desktop\co_lab\ise_proj\pipeline\pcpu_core.v" Line 106: Assignment to MEMOp_reg ignored, since the identifier is never used

Elaborating module <decoder>.

Elaborating module <ctrl>.

Elaborating module <RF>.
"C:\Users\Simon-PC\Desktop\co_lab\ise_proj\pipeline\RF.v" Line 17. $display Register file reset.
"C:\Users\Simon-PC\Desktop\co_lab\ise_proj\pipeline\RF.v" Line 23. $display r[0] = 0x       0,
"C:\Users\Simon-PC\Desktop\co_lab\ise_proj\pipeline\RF.v" Line 25. $display No reg written in this cycle.

Elaborating module <imm_ext>.

Elaborating module <mux2(WIDTH=32)>.

Elaborating module <alu>.
WARNING:HDLCompiler:1127 - "C:\Users\Simon-PC\Desktop\co_lab\ise_proj\pipeline\pcpu_core.v" Line 192: Assignment to zero ignored, since the identifier is never used

Elaborating module <mux3(WIDTH=32)>.

Elaborating module <data_ctrl>.

Elaborating module <mux8(WIDTH=32)>.

Elaborating module <ID_branch_checker>.

Elaborating module <jump_ctrl4(MAX_INSADDR=32'b11111111111111111111111111111000)>.
WARNING:HDLCompiler:413 - "C:\Users\Simon-PC\Desktop\co_lab\ise_proj\pipeline\jump_ctrl4.v" Line 132: Result of 3-bit expression is truncated to fit in 2-bit target.
WARNING:HDLCompiler:413 - "C:\Users\Simon-PC\Desktop\co_lab\ise_proj\pipeline\jump_ctrl4.v" Line 134: Result of 32-bit expression is truncated to fit in 2-bit target.
WARNING:HDLCompiler:1127 - "C:\Users\Simon-PC\Desktop\co_lab\ise_proj\pipeline\top.v" Line 102: Assignment to CPU_MIO ignored, since the identifier is never used

Elaborating module <ROM_D>.
WARNING:HDLCompiler:1499 - "C:\Users\Simon-PC\Desktop\co_lab\ise_proj\pipeline\ipcore_dir\ROM_D.v" Line 39: Empty module <ROM_D> remains a black box.

Elaborating module <RAM_B>.
WARNING:HDLCompiler:1499 - "C:\Users\Simon-PC\Desktop\co_lab\ise_proj\pipeline\ipcore_dir\RAM_B.v" Line 39: Empty module <RAM_B> remains a black box.

Elaborating module <MIO_BUS>.
WARNING:HDLCompiler:1499 - "C:\Users\Simon-PC\Desktop\co_lab\ise_proj\pipeline\MIO_BUS_IO.v" Line 21: Empty module <MIO_BUS> remains a black box.

Elaborating module <Multi_8CH32>.
WARNING:HDLCompiler:1499 - "C:\Users\Simon-PC\Desktop\co_lab\ise_proj\pipeline\Multi_8CH32_IO.v" Line 21: Empty module <Multi_8CH32> remains a black box.

Elaborating module <SSeg7_Dev>.
WARNING:HDLCompiler:1499 - "C:\Users\Simon-PC\Desktop\co_lab\ise_proj\pipeline\SSeg7_Dev_IO.v" Line 21: Empty module <SSeg7_Dev> remains a black box.

Elaborating module <SPIO>.
WARNING:HDLCompiler:1499 - "C:\Users\Simon-PC\Desktop\co_lab\ise_proj\pipeline\SPIO_IO.v" Line 21: Empty module <SPIO> remains a black box.
WARNING:HDLCompiler:1127 - "C:\Users\Simon-PC\Desktop\co_lab\ise_proj\pipeline\top.v" Line 181: Assignment to GPIOf0 ignored, since the identifier is never used

Elaborating module <clk_div>.

Elaborating module <SAnti_jitter>.
WARNING:HDLCompiler:1499 - "C:\Users\Simon-PC\Desktop\co_lab\ise_proj\pipeline\SAnti_jitter_IO.v" Line 21: Empty module <SAnti_jitter> remains a black box.
WARNING:HDLCompiler:1127 - "C:\Users\Simon-PC\Desktop\co_lab\ise_proj\pipeline\top.v" Line 204: Assignment to pulse ignored, since the identifier is never used

Elaborating module <Counter_x>.
WARNING:HDLCompiler:1127 - "C:\Users\Simon-PC\Desktop\co_lab\ise_proj\pipeline\Counter_3_IO.v" Line 43: Assignment to M2 ignored, since the identifier is never used
WARNING:HDLCompiler:634 - "C:\Users\Simon-PC\Desktop\co_lab\ise_proj\pipeline\Counter_3_IO.v" Line 36: Net <counter1[32]> does not have a driver.

Elaborating module <SEnter_2_32>.
WARNING:HDLCompiler:1499 - "C:\Users\Simon-PC\Desktop\co_lab\ise_proj\pipeline\SEnter_2_32_IO.v" Line 21: Empty module <SEnter_2_32> remains a black box.
WARNING:HDLCompiler:1127 - "C:\Users\Simon-PC\Desktop\co_lab\ise_proj\pipeline\top.v" Line 230: Assignment to M4_Ai ignored, since the identifier is never used
WARNING:HDLCompiler:1127 - "C:\Users\Simon-PC\Desktop\co_lab\ise_proj\pipeline\top.v" Line 231: Assignment to M4_Bi ignored, since the identifier is never used
WARNING:HDLCompiler:1127 - "C:\Users\Simon-PC\Desktop\co_lab\ise_proj\pipeline\top.v" Line 232: Assignment to blink ignored, since the identifier is never used
WARNING:HDLCompiler:634 - "C:\Users\Simon-PC\Desktop\co_lab\ise_proj\pipeline\top.v" Line 50: Net <MIO_ready> does not have a driver.

=========================================================================
*                           HDL Synthesis                               *
=========================================================================

Synthesizing Unit <top>.
    Related source file is "C:\Users\Simon-PC\Desktop\co_lab\ise_proj\pipeline\top.v".
INFO:Xst:3210 - "C:\Users\Simon-PC\Desktop\co_lab\ise_proj\pipeline\top.v" line 93: Output port <CPU_MIO> of the instance <U1> is unconnected or connected to loadless signal.
INFO:Xst:3210 - "C:\Users\Simon-PC\Desktop\co_lab\ise_proj\pipeline\top.v" line 174: Output port <GPIOf0> of the instance <U7> is unconnected or connected to loadless signal.
INFO:Xst:3210 - "C:\Users\Simon-PC\Desktop\co_lab\ise_proj\pipeline\top.v" line 195: Output port <pulse_out> of the instance <U9> is unconnected or connected to loadless signal.
INFO:Xst:3210 - "C:\Users\Simon-PC\Desktop\co_lab\ise_proj\pipeline\top.v" line 224: Output port <Ai> of the instance <M4> is unconnected or connected to loadless signal.
INFO:Xst:3210 - "C:\Users\Simon-PC\Desktop\co_lab\ise_proj\pipeline\top.v" line 224: Output port <Bi> of the instance <M4> is unconnected or connected to loadless signal.
INFO:Xst:3210 - "C:\Users\Simon-PC\Desktop\co_lab\ise_proj\pipeline\top.v" line 224: Output port <blink> of the instance <M4> is unconnected or connected to loadless signal.
WARNING:Xst:653 - Signal <MIO_ready> is used but never assigned. This sourceless signal will be automatically connected to value GND.
    Summary:
	no macro.
Unit <top> synthesized.

Synthesizing Unit <pcpu_core>.
    Related source file is "C:\Users\Simon-PC\Desktop\co_lab\ise_proj\pipeline\pcpu_core.v".
        MAX_INSADDR = 32'b11111111111111111111111111111000
WARNING:Xst:647 - Input <MIO_ready> is never used. This port will be preserved and left unconnected if it belongs to a top-level block or it belongs to a sub-block and the hierarchy of this sub-block is preserved.
WARNING:Xst:647 - Input <INT> is never used. This port will be preserved and left unconnected if it belongs to a top-level block or it belongs to a sub-block and the hierarchy of this sub-block is preserved.
INFO:Xst:3210 - "C:\Users\Simon-PC\Desktop\co_lab\ise_proj\pipeline\pcpu_core.v" line 141: Output port <MEMOp> of the instance <control> is unconnected or connected to loadless signal.
INFO:Xst:3210 - "C:\Users\Simon-PC\Desktop\co_lab\ise_proj\pipeline\pcpu_core.v" line 141: Output port <loadSignExt> of the instance <control> is unconnected or connected to loadless signal.
INFO:Xst:3210 - "C:\Users\Simon-PC\Desktop\co_lab\ise_proj\pipeline\pcpu_core.v" line 187: Output port <zero> of the instance <ALU> is unconnected or connected to loadless signal.
WARNING:Xst:653 - Signal <CPU_MIO> is used but never assigned. This sourceless signal will be automatically connected to value GND.
    Found 5-bit register for signal <WBSel_reg>.
    Found 1-bit register for signal <RFWr_reg>.
    Found 2-bit register for signal <mux_WBData_reg>.
    Found 32-bit register for signal <ALU_out_reg>.
    Found 32-bit register for signal <PCPLUS4_1>.
    Found 32-bit register for signal <PCPLUS4_2>.
    Found 32-bit register for signal <PCPLUS4_3>.
    Found 32-bit register for signal <rtv_reg_1>.
    Found 32-bit register for signal <rtv_reg_2>.
    Found 1-bit register for signal <MEMWr_reg>.
    Found 32-bit adder for signal <PC_out[31]_GND_2_o_add_3_OUT> created at line 117.
    Summary:
	inferred   1 Adder/Subtractor(s).
	inferred 201 D-type flip-flop(s).
Unit <pcpu_core> synthesized.

Synthesizing Unit <PC>.
    Related source file is "C:\Users\Simon-PC\Desktop\co_lab\ise_proj\pipeline\PC.v".
    Found 32-bit register for signal <PC>.
    Summary:
	inferred  32 D-type flip-flop(s).
Unit <PC> synthesized.

Synthesizing Unit <decoder>.
    Related source file is "C:\Users\Simon-PC\Desktop\co_lab\ise_proj\pipeline\decoder.v".
    Found 32-bit register for signal <savedIns>.
    Summary:
	inferred  32 D-type flip-flop(s).
Unit <decoder> synthesized.

Synthesizing Unit <ctrl>.
    Related source file is "C:\Users\Simon-PC\Desktop\co_lab\ise_proj\pipeline\ctrl.v".
    Found 6-bit register for signal <funct>.
    Found 5-bit register for signal <rt>.
    Found 5-bit register for signal <rd>.
    Found 6-bit register for signal <Op>.
    Found 4x2-bit Read Only RAM for signal <_n0338>
    Found 4x2-bit Read Only RAM for signal <_n0357>
    Found 5-bit 3-to-1 multiplexer for signal <_n0313> created at line 40.
    Found 5-bit 4-to-1 multiplexer for signal <_n0365> created at line 48.
    Found 2-bit 4-to-1 multiplexer for signal <_n0373> created at line 50.
    Found 1-bit 4-to-1 multiplexer for signal <_n0382> created at line 49.
    Summary:
	inferred   2 RAM(s).
	inferred  22 D-type flip-flop(s).
	inferred  28 Multiplexer(s).
Unit <ctrl> synthesized.

Synthesizing Unit <RF>.
    Related source file is "C:\Users\Simon-PC\Desktop\co_lab\ise_proj\pipeline\RF.v".
    Found 1024-bit register for signal <n0052[1023:0]>.
    Found 32-bit 32-to-1 multiplexer for signal <A1[4]_rf[31][31]_wide_mux_37_OUT> created at line 29.
    Found 32-bit 32-to-1 multiplexer for signal <A2[4]_rf[31][31]_wide_mux_40_OUT> created at line 30.
    Summary:
	inferred 1024 D-type flip-flop(s).
	inferred  36 Multiplexer(s).
Unit <RF> synthesized.

Synthesizing Unit <imm_ext>.
    Related source file is "C:\Users\Simon-PC\Desktop\co_lab\ise_proj\pipeline\imm_ext.v".
    Summary:
	inferred   1 Multiplexer(s).
Unit <imm_ext> synthesized.

Synthesizing Unit <mux2>.
    Related source file is "C:\Users\Simon-PC\Desktop\co_lab\ise_proj\pipeline\mux.v".
        WIDTH = 32
    Summary:
	inferred   1 Multiplexer(s).
Unit <mux2> synthesized.

Synthesizing Unit <alu>.
    Related source file is "C:\Users\Simon-PC\Desktop\co_lab\ise_proj\pipeline\alu.v".
    Found 1-bit register for signal <D<31>>.
    Found 1-bit register for signal <D<30>>.
    Found 1-bit register for signal <D<29>>.
    Found 1-bit register for signal <D<28>>.
    Found 1-bit register for signal <D<27>>.
    Found 1-bit register for signal <D<26>>.
    Found 1-bit register for signal <D<25>>.
    Found 1-bit register for signal <D<24>>.
    Found 1-bit register for signal <D<23>>.
    Found 1-bit register for signal <D<22>>.
    Found 1-bit register for signal <D<21>>.
    Found 1-bit register for signal <D<20>>.
    Found 1-bit register for signal <D<19>>.
    Found 1-bit register for signal <D<18>>.
    Found 1-bit register for signal <D<17>>.
    Found 1-bit register for signal <D<16>>.
    Found 1-bit register for signal <D<15>>.
    Found 1-bit register for signal <D<14>>.
    Found 1-bit register for signal <D<13>>.
    Found 1-bit register for signal <D<12>>.
    Found 1-bit register for signal <D<11>>.
    Found 1-bit register for signal <D<10>>.
    Found 1-bit register for signal <D<9>>.
    Found 1-bit register for signal <D<8>>.
    Found 1-bit register for signal <D<7>>.
    Found 1-bit register for signal <D<6>>.
    Found 1-bit register for signal <D<5>>.
    Found 1-bit register for signal <D<4>>.
    Found 1-bit register for signal <D<3>>.
    Found 1-bit register for signal <D<2>>.
    Found 1-bit register for signal <D<1>>.
    Found 1-bit register for signal <D<0>>.
    Found 1-bit register for signal <D<32>>.
    Found 32-bit subtractor for signal <A[31]_B[31]_sub_5_OUT> created at line 22.
    Found 33-bit subtractor for signal <GND_9_o_GND_9_o_sub_7_OUT> created at line 25.
    Found 33-bit adder for signal <n0128> created at line 24.
    Found 32-bit shifter logical left for signal <B[31]_A[4]_shift_left_16_OUT> created at line 35
    Found 32-bit shifter logical right for signal <B[31]_A[4]_shift_right_17_OUT> created at line 36
    Found 32-bit shifter arithmetic right for signal <B[31]_A[4]_shift_right_18_OUT> created at line 37
    Found 33-bit 25-to-1 multiplexer for signal <ALUOp[4]_D[32]_wide_mux_31_OUT> created at line 18.
    Found 32-bit comparator greater for signal <B[31]_A[31]_LessThan_13_o> created at line 32
    Found 32-bit comparator greater for signal <A[31]_B[31]_LessThan_15_o> created at line 33
    Found 32-bit comparator equal for signal <A[31]_B[31]_equal_20_o> created at line 43
    Found 32-bit comparator greater for signal <n0021> created at line 45
    Found 32-bit comparator greater for signal <n0024> created at line 46
    Summary:
	inferred   3 Adder/Subtractor(s).
	inferred  33 D-type flip-flop(s).
	inferred   5 Comparator(s).
	inferred  27 Multiplexer(s).
	inferred   3 Combinational logic shifter(s).
Unit <alu> synthesized.

Synthesizing Unit <mux3>.
    Related source file is "C:\Users\Simon-PC\Desktop\co_lab\ise_proj\pipeline\mux.v".
        WIDTH = 32
    Found 32-bit 4-to-1 multiplexer for signal <y_r> created at line 30.
    Summary:
	inferred   1 Multiplexer(s).
Unit <mux3> synthesized.

Synthesizing Unit <data_ctrl>.
    Related source file is "C:\Users\Simon-PC\Desktop\co_lab\ise_proj\pipeline\data_ctrl.v".
    Found 1-bit register for signal <EX_has_link>.
    Found 1-bit register for signal <MEM_is_load>.
    Found 1-bit register for signal <MEM_has_link>.
    Found 1-bit register for signal <EX_is_load>.
    Found 5-bit comparator equal for signal <EX_WBSel[4]_rs[4]_equal_61_o> created at line 88
    Found 5-bit comparator equal for signal <MEM_WBSel[4]_rs[4]_equal_63_o> created at line 90
    Found 5-bit comparator equal for signal <EX_WBSel[4]_rt[4]_equal_70_o> created at line 101
    Found 5-bit comparator equal for signal <MEM_WBSel[4]_rt[4]_equal_72_o> created at line 103
    Summary:
	inferred   4 D-type flip-flop(s).
	inferred   4 Comparator(s).
	inferred   9 Multiplexer(s).
Unit <data_ctrl> synthesized.

Synthesizing Unit <mux8>.
    Related source file is "C:\Users\Simon-PC\Desktop\co_lab\ise_proj\pipeline\mux.v".
        WIDTH = 32
    Found 32-bit 8-to-1 multiplexer for signal <y_r> created at line 79.
    Summary:
	inferred   1 Multiplexer(s).
Unit <mux8> synthesized.

Synthesizing Unit <ID_branch_checker>.
    Related source file is "C:\Users\Simon-PC\Desktop\co_lab\ise_proj\pipeline\ID_branch_checker.v".
    Found 1-bit 7-to-1 multiplexer for signal <_n0043> created at line 13.
    Found 32-bit comparator equal for signal <n0000> created at line 17
    Found 32-bit comparator greater for signal <n0003> created at line 19
    Found 32-bit comparator greater for signal <n0007> created at line 23
    Summary:
	inferred   3 Comparator(s).
	inferred   3 Multiplexer(s).
Unit <ID_branch_checker> synthesized.

Synthesizing Unit <jump_ctrl4>.
    Related source file is "C:\Users\Simon-PC\Desktop\co_lab\ise_proj\pipeline\jump_ctrl4.v".
        MAX_INSADDR = 32'b11111111111111111111111111111000
WARNING:Xst:647 - Input <rst> is never used. This port will be preserved and left unconnected if it belongs to a top-level block or it belongs to a sub-block and the hierarchy of this sub-block is preserved.
    Found 1-bit register for signal <ID_branch_ins>.
    Found 1-bit register for signal <ID_jr_ins>.
    Found 32-bit register for signal <rtn_addr>.
    Found 32-bit register for signal <branch_to_addr>.
    Found 2-bit register for signal <prediction_sign>.
    Found 32-bit adder for signal <PCPLUS4> created at line 22.
    Found 32-bit adder for signal <PC[31]_INS[15]_add_23_OUT> created at line 96.
    Found 2-bit adder for signal <prediction_sign[1]_GND_14_o_add_42_OUT> created at line 132.
    Found 2-bit subtractor for signal <GND_14_o_GND_14_o_sub_46_OUT<1:0>> created at line 134.
    Found 2-bit comparator greater for signal <n0014> created at line 70
    Summary:
	inferred   3 Adder/Subtractor(s).
	inferred  68 D-type flip-flop(s).
	inferred   1 Comparator(s).
	inferred  13 Multiplexer(s).
Unit <jump_ctrl4> synthesized.

Synthesizing Unit <clk_div>.
    Related source file is "C:\Users\Simon-PC\Desktop\co_lab\ise_proj\pipeline\clk_div.v".
    Found 32-bit register for signal <clkdiv>.
    Found 32-bit adder for signal <clkdiv[31]_GND_21_o_add_0_OUT> created at line 32.
    Summary:
	inferred   1 Adder/Subtractor(s).
	inferred  32 D-type flip-flop(s).
	inferred   1 Multiplexer(s).
Unit <clk_div> synthesized.

Synthesizing Unit <Counter_x>.
    Related source file is "C:\Users\Simon-PC\Desktop\co_lab\ise_proj\pipeline\Counter_3_IO.v".
WARNING:Xst:647 - Input <clk1> is never used. This port will be preserved and left unconnected if it belongs to a top-level block or it belongs to a sub-block and the hierarchy of this sub-block is preserved.
WARNING:Xst:647 - Input <clk2> is never used. This port will be preserved and left unconnected if it belongs to a top-level block or it belongs to a sub-block and the hierarchy of this sub-block is preserved.
WARNING:Xst:653 - Signal <counter1<32>> is used but never assigned. This sourceless signal will be automatically connected to value GND.
WARNING:Xst:653 - Signal <counter2<32>> is used but never assigned. This sourceless signal will be automatically connected to value GND.
    Found 24-bit register for signal <counter_Ctrl>.
    Found 33-bit register for signal <counter0>.
    Found 32-bit register for signal <counter0_Lock>.
    Found 1-bit register for signal <sq0>.
    Found 1-bit register for signal <M0>.
    Found 1-bit register for signal <clr0>.
    Found 33-bit subtractor for signal <counter0[32]_GND_23_o_sub_26_OUT> created at line 77.
    Found 33-bit 4-to-1 multiplexer for signal <counter_Ctrl[2]_counter0[32]_wide_mux_26_OUT> created at line 70.
    Found 1-bit comparator not equal for signal <n0017> created at line 76
    Summary:
	inferred   1 Adder/Subtractor(s).
	inferred  92 D-type flip-flop(s).
	inferred   1 Comparator(s).
	inferred   5 Multiplexer(s).
Unit <Counter_x> synthesized.

=========================================================================
HDL Synthesis Report

Macro Statistics
# RAMs                                                 : 2
 4x2-bit single-port Read Only RAM                     : 2
# Adders/Subtractors                                   : 9
 2-bit addsub                                          : 1
 32-bit adder                                          : 4
 32-bit subtractor                                     : 1
 33-bit adder                                          : 1
 33-bit subtractor                                     : 2
# Registers                                            : 35
 1-bit register                                        : 12
 1024-bit register                                     : 1
 2-bit register                                        : 2
 24-bit register                                       : 1
 32-bit register                                       : 13
 33-bit register                                       : 1
 5-bit register                                        : 3
 6-bit register                                        : 2
# Comparators                                          : 14
 1-bit comparator not equal                            : 1
 2-bit comparator greater                              : 1
 32-bit comparator equal                               : 2
 32-bit comparator greater                             : 6
 5-bit comparator equal                                : 4
# Multiplexers                                         : 128
 1-bit 2-to-1 multiplexer                              : 21
 1-bit 4-to-1 multiplexer                              : 1
 1-bit 7-to-1 multiplexer                              : 1
 2-bit 2-to-1 multiplexer                              : 7
 2-bit 4-to-1 multiplexer                              : 1
 3-bit 2-to-1 multiplexer                              : 7
 32-bit 2-to-1 multiplexer                             : 43
 32-bit 32-to-1 multiplexer                            : 2
 32-bit 4-to-1 multiplexer                             : 1
 32-bit 8-to-1 multiplexer                             : 2
 33-bit 2-to-1 multiplexer                             : 31
 33-bit 4-to-1 multiplexer                             : 1
 5-bit 2-to-1 multiplexer                              : 8
 5-bit 3-to-1 multiplexer                              : 1
 5-bit 4-to-1 multiplexer                              : 1
# Logic shifters                                       : 3
 32-bit shifter arithmetic right                       : 1
 32-bit shifter logical left                           : 1
 32-bit shifter logical right                          : 1
# Xors                                                 : 1
 32-bit xor2                                           : 1

=========================================================================
INFO:Xst:1767 - HDL ADVISOR - Resource sharing has identified that some arithmetic operations in this design can share the same physical resources for reduced device utilization. For improved clock frequency you may try to disable resource sharing.

=========================================================================
*                       Advanced HDL Synthesis                          *
=========================================================================

Reading core <SAnti_jitter.ngc>.
Reading core <MIO_BUS.ngc>.
Reading core <SSeg7_Dev.ngc>.
Reading core <SEnter_2_32.ngc>.
Reading core <Multi_8CH32.ngc>.
Reading core <SPIO.ngc>.
Reading core <ipcore_dir/RAM_B.ngc>.
Reading core <ipcore_dir/ROM_D.ngc>.
Loading core <SAnti_jitter> for timing and area information for instance <U9>.
Loading core <MIO_BUS> for timing and area information for instance <U4>.
Loading core <SSeg7_Dev> for timing and area information for instance <U6>.
Loading core <SEnter_2_32> for timing and area information for instance <M4>.
Loading core <Multi_8CH32> for timing and area information for instance <U5>.
Loading core <SPIO> for timing and area information for instance <U7>.
Loading core <RAM_B> for timing and area information for instance <U3>.
Loading core <ROM_D> for timing and area information for instance <U2>.
WARNING:Xst:2677 - Node <counter_Ctrl_0> of sequential type is unconnected in block <U10>.
WARNING:Xst:2677 - Node <counter_Ctrl_3> of sequential type is unconnected in block <U10>.
WARNING:Xst:2677 - Node <counter_Ctrl_4> of sequential type is unconnected in block <U10>.
WARNING:Xst:2677 - Node <counter_Ctrl_5> of sequential type is unconnected in block <U10>.
WARNING:Xst:2677 - Node <counter_Ctrl_6> of sequential type is unconnected in block <U10>.
WARNING:Xst:2677 - Node <counter_Ctrl_7> of sequential type is unconnected in block <U10>.
WARNING:Xst:2677 - Node <counter_Ctrl_8> of sequential type is unconnected in block <U10>.
WARNING:Xst:2677 - Node <counter_Ctrl_9> of sequential type is unconnected in block <U10>.
WARNING:Xst:2677 - Node <counter_Ctrl_10> of sequential type is unconnected in block <U10>.
WARNING:Xst:2677 - Node <counter_Ctrl_11> of sequential type is unconnected in block <U10>.
WARNING:Xst:2677 - Node <counter_Ctrl_12> of sequential type is unconnected in block <U10>.
WARNING:Xst:2677 - Node <counter_Ctrl_13> of sequential type is unconnected in block <U10>.
WARNING:Xst:2677 - Node <counter_Ctrl_14> of sequential type is unconnected in block <U10>.
WARNING:Xst:2677 - Node <counter_Ctrl_15> of sequential type is unconnected in block <U10>.
WARNING:Xst:2677 - Node <counter_Ctrl_16> of sequential type is unconnected in block <U10>.
WARNING:Xst:2677 - Node <counter_Ctrl_17> of sequential type is unconnected in block <U10>.
WARNING:Xst:2677 - Node <counter_Ctrl_18> of sequential type is unconnected in block <U10>.
WARNING:Xst:2677 - Node <counter_Ctrl_19> of sequential type is unconnected in block <U10>.
WARNING:Xst:2677 - Node <counter_Ctrl_20> of sequential type is unconnected in block <U10>.
WARNING:Xst:2677 - Node <counter_Ctrl_21> of sequential type is unconnected in block <U10>.
WARNING:Xst:2677 - Node <counter_Ctrl_22> of sequential type is unconnected in block <U10>.
WARNING:Xst:2677 - Node <counter_Ctrl_23> of sequential type is unconnected in block <U10>.

Synthesizing (advanced) Unit <clk_div>.
The following registers are absorbed into counter <clkdiv>: 1 register on signal <clkdiv>.
Unit <clk_div> synthesized (advanced).

Synthesizing (advanced) Unit <ctrl>.
INFO:Xst:3231 - The small RAM <Mram__n0357> will be implemented on LUTs in order to maximize performance and save block RAM resources. If you want to force its implementation on block, use option/constraint ram_style.
    -----------------------------------------------------------------------
    | ram_type           | Distributed                         |          |
    -----------------------------------------------------------------------
    | Port A                                                              |
    |     aspect ratio   | 4-word x 2-bit                      |          |
    |     weA            | connected to signal <GND>           | high     |
    |     addrA          | connected to signal <Op<1:0>>       |          |
    |     diA            | connected to signal <GND>           |          |
    |     doA            | connected to internal node          |          |
    -----------------------------------------------------------------------
INFO:Xst:3231 - The small RAM <Mram__n0338> will be implemented on LUTs in order to maximize performance and save block RAM resources. If you want to force its implementation on block, use option/constraint ram_style.
    -----------------------------------------------------------------------
    | ram_type           | Distributed                         |          |
    -----------------------------------------------------------------------
    | Port A                                                              |
    |     aspect ratio   | 4-word x 2-bit                      |          |
    |     weA            | connected to signal <GND>           | high     |
    |     addrA          | connected to signal <(Op<2>,Op<0>)> |          |
    |     diA            | connected to signal <GND>           |          |
    |     doA            | connected to internal node          |          |
    -----------------------------------------------------------------------
Unit <ctrl> synthesized (advanced).

Synthesizing (advanced) Unit <jump_ctrl4>.
The following registers are absorbed into counter <prediction_sign>: 1 register on signal <prediction_sign>.
Unit <jump_ctrl4> synthesized (advanced).
WARNING:Xst:2677 - Node <counter_Ctrl_0> of sequential type is unconnected in block <Counter_x>.
WARNING:Xst:2677 - Node <counter_Ctrl_3> of sequential type is unconnected in block <Counter_x>.
WARNING:Xst:2677 - Node <counter_Ctrl_4> of sequential type is unconnected in block <Counter_x>.
WARNING:Xst:2677 - Node <counter_Ctrl_5> of sequential type is unconnected in block <Counter_x>.
WARNING:Xst:2677 - Node <counter_Ctrl_6> of sequential type is unconnected in block <Counter_x>.
WARNING:Xst:2677 - Node <counter_Ctrl_7> of sequential type is unconnected in block <Counter_x>.
WARNING:Xst:2677 - Node <counter_Ctrl_8> of sequential type is unconnected in block <Counter_x>.
WARNING:Xst:2677 - Node <counter_Ctrl_9> of sequential type is unconnected in block <Counter_x>.
WARNING:Xst:2677 - Node <counter_Ctrl_10> of sequential type is unconnected in block <Counter_x>.
WARNING:Xst:2677 - Node <counter_Ctrl_11> of sequential type is unconnected in block <Counter_x>.
WARNING:Xst:2677 - Node <counter_Ctrl_12> of sequential type is unconnected in block <Counter_x>.
WARNING:Xst:2677 - Node <counter_Ctrl_13> of sequential type is unconnected in block <Counter_x>.
WARNING:Xst:2677 - Node <counter_Ctrl_14> of sequential type is unconnected in block <Counter_x>.
WARNING:Xst:2677 - Node <counter_Ctrl_15> of sequential type is unconnected in block <Counter_x>.
WARNING:Xst:2677 - Node <counter_Ctrl_16> of sequential type is unconnected in block <Counter_x>.
WARNING:Xst:2677 - Node <counter_Ctrl_17> of sequential type is unconnected in block <Counter_x>.
WARNING:Xst:2677 - Node <counter_Ctrl_18> of sequential type is unconnected in block <Counter_x>.
WARNING:Xst:2677 - Node <counter_Ctrl_19> of sequential type is unconnected in block <Counter_x>.
WARNING:Xst:2677 - Node <counter_Ctrl_20> of sequential type is unconnected in block <Counter_x>.
WARNING:Xst:2677 - Node <counter_Ctrl_21> of sequential type is unconnected in block <Counter_x>.
WARNING:Xst:2677 - Node <counter_Ctrl_22> of sequential type is unconnected in block <Counter_x>.
WARNING:Xst:2677 - Node <counter_Ctrl_23> of sequential type is unconnected in block <Counter_x>.

=========================================================================
Advanced HDL Synthesis Report

Macro Statistics
# RAMs                                                 : 2
 4x2-bit single-port distributed Read Only RAM         : 2
# Adders/Subtractors                                   : 7
 32-bit adder                                          : 3
 32-bit subtractor                                     : 1
 33-bit adder                                          : 1
 33-bit subtractor                                     : 2
# Counters                                             : 2
 2-bit updown counter                                  : 1
 32-bit up counter                                     : 1
# Registers                                            : 1484
 Flip-Flops                                            : 1484
# Comparators                                          : 14
 1-bit comparator not equal                            : 1
 2-bit comparator greater                              : 1
 32-bit comparator equal                               : 2
 32-bit comparator greater                             : 6
 5-bit comparator equal                                : 4
# Multiplexers                                         : 190
 1-bit 2-to-1 multiplexer                              : 85
 1-bit 4-to-1 multiplexer                              : 1
 1-bit 7-to-1 multiplexer                              : 1
 2-bit 2-to-1 multiplexer                              : 7
 2-bit 4-to-1 multiplexer                              : 1
 3-bit 2-to-1 multiplexer                              : 7
 32-bit 2-to-1 multiplexer                             : 43
 32-bit 32-to-1 multiplexer                            : 2
 32-bit 4-to-1 multiplexer                             : 1
 32-bit 8-to-1 multiplexer                             : 2
 33-bit 2-to-1 multiplexer                             : 29
 33-bit 4-to-1 multiplexer                             : 1
 5-bit 2-to-1 multiplexer                              : 8
 5-bit 3-to-1 multiplexer                              : 1
 5-bit 4-to-1 multiplexer                              : 1
# Logic shifters                                       : 3
 32-bit shifter arithmetic right                       : 1
 32-bit shifter logical left                           : 1
 32-bit shifter logical right                          : 1
# Xors                                                 : 1
 32-bit xor2                                           : 1

=========================================================================

=========================================================================
*                         Low Level Synthesis                           *
=========================================================================
WARNING:Xst:2677 - Node <D_32> of sequential type is unconnected in block <alu>.
INFO:Xst:2261 - The FF/Latch <rtn_addr_0> in Unit <jump_ctrl4> is equivalent to the following FF/Latch, which will be removed : <branch_to_addr_0> 
INFO:Xst:2261 - The FF/Latch <rtn_addr_1> in Unit <jump_ctrl4> is equivalent to the following FF/Latch, which will be removed : <branch_to_addr_1> 

Optimizing unit <top> ...

Optimizing unit <pcpu_core> ...

Optimizing unit <decoder> ...

Optimizing unit <jump_ctrl4> ...

Optimizing unit <PC> ...

Optimizing unit <ctrl> ...

Optimizing unit <RF> ...

Optimizing unit <alu> ...

Optimizing unit <data_ctrl> ...

Optimizing unit <ID_branch_checker> ...

Optimizing unit <Counter_x> ...
WARNING:Xst:1710 - FF/Latch <U1/rf/rf_0_0> (without init value) has a constant value of 0 in block <top>. This FF/Latch will be trimmed during the optimization process.
WARNING:Xst:1710 - FF/Latch <U1/rf/rf_0_1> (without init value) has a constant value of 0 in block <top>. This FF/Latch will be trimmed during the optimization process.
WARNING:Xst:1710 - FF/Latch <U1/rf/rf_0_2> (without init value) has a constant value of 0 in block <top>. This FF/Latch will be trimmed during the optimization process.
WARNING:Xst:1710 - FF/Latch <U1/rf/rf_0_3> (without init value) has a constant value of 0 in block <top>. This FF/Latch will be trimmed during the optimization process.
WARNING:Xst:1710 - FF/Latch <U1/rf/rf_0_4> (without init value) has a constant value of 0 in block <top>. This FF/Latch will be trimmed during the optimization process.
WARNING:Xst:1710 - FF/Latch <U1/rf/rf_0_5> (without init value) has a constant value of 0 in block <top>. This FF/Latch will be trimmed during the optimization process.
WARNING:Xst:1710 - FF/Latch <U1/rf/rf_0_6> (without init value) has a constant value of 0 in block <top>. This FF/Latch will be trimmed during the optimization process.
WARNING:Xst:1710 - FF/Latch <U1/rf/rf_0_7> (without init value) has a constant value of 0 in block <top>. This FF/Latch will be trimmed during the optimization process.
WARNING:Xst:1710 - FF/Latch <U1/rf/rf_0_8> (without init value) has a constant value of 0 in block <top>. This FF/Latch will be trimmed during the optimization process.
WARNING:Xst:1710 - FF/Latch <U1/rf/rf_0_9> (without init value) has a constant value of 0 in block <top>. This FF/Latch will be trimmed during the optimization process.
WARNING:Xst:1710 - FF/Latch <U1/rf/rf_0_10> (without init value) has a constant value of 0 in block <top>. This FF/Latch will be trimmed during the optimization process.
WARNING:Xst:1710 - FF/Latch <U1/rf/rf_0_11> (without init value) has a constant value of 0 in block <top>. This FF/Latch will be trimmed during the optimization process.
WARNING:Xst:1710 - FF/Latch <U1/rf/rf_0_12> (without init value) has a constant value of 0 in block <top>. This FF/Latch will be trimmed during the optimization process.
WARNING:Xst:1710 - FF/Latch <U1/rf/rf_0_13> (without init value) has a constant value of 0 in block <top>. This FF/Latch will be trimmed during the optimization process.
WARNING:Xst:1710 - FF/Latch <U1/rf/rf_0_14> (without init value) has a constant value of 0 in block <top>. This FF/Latch will be trimmed during the optimization process.
WARNING:Xst:1710 - FF/Latch <U1/rf/rf_0_15> (without init value) has a constant value of 0 in block <top>. This FF/Latch will be trimmed during the optimization process.
WARNING:Xst:1710 - FF/Latch <U1/rf/rf_0_16> (without init value) has a constant value of 0 in block <top>. This FF/Latch will be trimmed during the optimization process.
WARNING:Xst:1710 - FF/Latch <U1/rf/rf_0_17> (without init value) has a constant value of 0 in block <top>. This FF/Latch will be trimmed during the optimization process.
WARNING:Xst:1710 - FF/Latch <U1/rf/rf_0_18> (without init value) has a constant value of 0 in block <top>. This FF/Latch will be trimmed during the optimization process.
WARNING:Xst:1710 - FF/Latch <U1/rf/rf_0_19> (without init value) has a constant value of 0 in block <top>. This FF/Latch will be trimmed during the optimization process.
WARNING:Xst:1710 - FF/Latch <U1/rf/rf_0_20> (without init value) has a constant value of 0 in block <top>. This FF/Latch will be trimmed during the optimization process.
WARNING:Xst:1710 - FF/Latch <U1/rf/rf_0_21> (without init value) has a constant value of 0 in block <top>. This FF/Latch will be trimmed during the optimization process.
WARNING:Xst:1710 - FF/Latch <U1/rf/rf_0_22> (without init value) has a constant value of 0 in block <top>. This FF/Latch will be trimmed during the optimization process.
WARNING:Xst:1710 - FF/Latch <U1/rf/rf_0_23> (without init value) has a constant value of 0 in block <top>. This FF/Latch will be trimmed during the optimization process.
WARNING:Xst:1710 - FF/Latch <U1/rf/rf_0_24> (without init value) has a constant value of 0 in block <top>. This FF/Latch will be trimmed during the optimization process.
WARNING:Xst:1710 - FF/Latch <U1/rf/rf_0_25> (without init value) has a constant value of 0 in block <top>. This FF/Latch will be trimmed during the optimization process.
WARNING:Xst:1710 - FF/Latch <U1/rf/rf_0_26> (without init value) has a constant value of 0 in block <top>. This FF/Latch will be trimmed during the optimization process.
WARNING:Xst:1710 - FF/Latch <U1/rf/rf_0_27> (without init value) has a constant value of 0 in block <top>. This FF/Latch will be trimmed during the optimization process.
WARNING:Xst:1710 - FF/Latch <U1/rf/rf_0_28> (without init value) has a constant value of 0 in block <top>. This FF/Latch will be trimmed during the optimization process.
WARNING:Xst:1710 - FF/Latch <U1/rf/rf_0_29> (without init value) has a constant value of 0 in block <top>. This FF/Latch will be trimmed during the optimization process.
WARNING:Xst:1710 - FF/Latch <U1/rf/rf_0_30> (without init value) has a constant value of 0 in block <top>. This FF/Latch will be trimmed during the optimization process.
WARNING:Xst:1710 - FF/Latch <U1/rf/rf_0_31> (without init value) has a constant value of 0 in block <top>. This FF/Latch will be trimmed during the optimization process.

Mapping all equations...
Building and optimizing final netlist ...
Found area constraint ratio of 100 (+ 5) on block top, actual ratio is 4.
FlipFlop U1/WBSel_reg_3 has been replicated 1 time(s)
FlipFlop U1/distributor/savedIns_19 has been replicated 1 time(s)
FlipFlop U1/distributor/savedIns_24 has been replicated 1 time(s)

Final Macro Processing ...

Processing Unit <top> :
	Found 2-bit shift register for signal <U1/rtv_reg_2_31>.
	Found 2-bit shift register for signal <U1/rtv_reg_2_30>.
	Found 2-bit shift register for signal <U1/rtv_reg_2_29>.
	Found 2-bit shift register for signal <U1/rtv_reg_2_28>.
	Found 2-bit shift register for signal <U1/rtv_reg_2_27>.
	Found 2-bit shift register for signal <U1/rtv_reg_2_26>.
	Found 2-bit shift register for signal <U1/rtv_reg_2_25>.
	Found 2-bit shift register for signal <U1/rtv_reg_2_24>.
	Found 2-bit shift register for signal <U1/rtv_reg_2_23>.
	Found 2-bit shift register for signal <U1/rtv_reg_2_22>.
	Found 2-bit shift register for signal <U1/rtv_reg_2_21>.
	Found 2-bit shift register for signal <U1/rtv_reg_2_20>.
	Found 2-bit shift register for signal <U1/rtv_reg_2_19>.
	Found 2-bit shift register for signal <U1/rtv_reg_2_18>.
	Found 2-bit shift register for signal <U1/rtv_reg_2_17>.
	Found 2-bit shift register for signal <U1/rtv_reg_2_16>.
	Found 2-bit shift register for signal <U1/rtv_reg_2_15>.
	Found 2-bit shift register for signal <U1/rtv_reg_2_14>.
	Found 2-bit shift register for signal <U1/rtv_reg_2_13>.
	Found 2-bit shift register for signal <U1/rtv_reg_2_12>.
	Found 2-bit shift register for signal <U1/rtv_reg_2_11>.
	Found 2-bit shift register for signal <U1/rtv_reg_2_10>.
	Found 2-bit shift register for signal <U1/rtv_reg_2_9>.
	Found 2-bit shift register for signal <U1/rtv_reg_2_8>.
	Found 2-bit shift register for signal <U1/rtv_reg_2_7>.
	Found 2-bit shift register for signal <U1/rtv_reg_2_6>.
	Found 2-bit shift register for signal <U1/rtv_reg_2_5>.
	Found 2-bit shift register for signal <U1/rtv_reg_2_4>.
	Found 2-bit shift register for signal <U1/rtv_reg_2_3>.
	Found 2-bit shift register for signal <U1/rtv_reg_2_2>.
	Found 2-bit shift register for signal <U1/rtv_reg_2_1>.
	Found 2-bit shift register for signal <U1/rtv_reg_2_0>.
	Found 2-bit shift register for signal <U1/PCPLUS4_2_31>.
	Found 2-bit shift register for signal <U1/PCPLUS4_2_30>.
	Found 2-bit shift register for signal <U1/PCPLUS4_2_29>.
	Found 2-bit shift register for signal <U1/PCPLUS4_2_28>.
	Found 2-bit shift register for signal <U1/PCPLUS4_2_27>.
	Found 2-bit shift register for signal <U1/PCPLUS4_2_26>.
	Found 2-bit shift register for signal <U1/PCPLUS4_2_25>.
	Found 2-bit shift register for signal <U1/PCPLUS4_2_24>.
	Found 2-bit shift register for signal <U1/PCPLUS4_2_23>.
	Found 2-bit shift register for signal <U1/PCPLUS4_2_22>.
	Found 2-bit shift register for signal <U1/PCPLUS4_2_21>.
	Found 2-bit shift register for signal <U1/PCPLUS4_2_20>.
	Found 2-bit shift register for signal <U1/PCPLUS4_2_19>.
	Found 2-bit shift register for signal <U1/PCPLUS4_2_18>.
	Found 2-bit shift register for signal <U1/PCPLUS4_2_17>.
	Found 2-bit shift register for signal <U1/PCPLUS4_2_16>.
	Found 2-bit shift register for signal <U1/PCPLUS4_2_15>.
	Found 2-bit shift register for signal <U1/PCPLUS4_2_14>.
	Found 2-bit shift register for signal <U1/PCPLUS4_2_13>.
	Found 2-bit shift register for signal <U1/PCPLUS4_2_12>.
	Found 2-bit shift register for signal <U1/PCPLUS4_2_11>.
	Found 2-bit shift register for signal <U1/PCPLUS4_2_10>.
	Found 2-bit shift register for signal <U1/PCPLUS4_2_9>.
	Found 2-bit shift register for signal <U1/PCPLUS4_2_8>.
	Found 2-bit shift register for signal <U1/PCPLUS4_2_7>.
	Found 2-bit shift register for signal <U1/PCPLUS4_2_6>.
	Found 2-bit shift register for signal <U1/PCPLUS4_2_5>.
	Found 2-bit shift register for signal <U1/PCPLUS4_2_4>.
	Found 2-bit shift register for signal <U1/PCPLUS4_2_3>.
	Found 2-bit shift register for signal <U1/PCPLUS4_2_2>.
	Found 2-bit shift register for signal <U1/PCPLUS4_2_1>.
	Found 2-bit shift register for signal <U1/PCPLUS4_2_0>.
Unit <top> processed.

=========================================================================
Final Register Report

Macro Statistics
# Registers                                            : 1358
 Flip-Flops                                            : 1358
# Shift Registers                                      : 64
 2-bit shift register                                  : 64

=========================================================================

=========================================================================
*                           Partition Report                            *
=========================================================================

Partition Implementation Status
-------------------------------

  No Partitions were found in this design.

-------------------------------

=========================================================================
*                            Design Summary                             *
=========================================================================

Top Level Output File Name         : top.ngc

Primitive and Black Box Usage:
------------------------------
# BELS                             : 5457
#      AND2                        : 8
#      AND3                        : 88
#      AND4                        : 72
#      GND                         : 4
#      INV                         : 88
#      LUT1                        : 155
#      LUT2                        : 75
#      LUT3                        : 1265
#      LUT4                        : 337
#      LUT5                        : 614
#      LUT6                        : 1833
#      MUXCY                       : 406
#      MUXF7                       : 75
#      OR2                         : 56
#      OR3                         : 24
#      OR4                         : 32
#      VCC                         : 5
#      XORCY                       : 320
# FlipFlops/Latches                : 1801
#      FD                          : 333
#      FDC                         : 79
#      FDCE                        : 1063
#      FDCE_1                      : 15
#      FDE                         : 241
#      FDE_1                       : 14
#      FDPE_1                      : 3
#      FDR                         : 24
#      FDRE                        : 29
# RAMS                             : 1
#      RAMB36E1                    : 1
# Shift Registers                  : 64
#      SRLC16E                     : 64
# Clock Buffers                    : 5
#      BUFG                        : 4
#      BUFGP                       : 1
# IO Buffers                       : 37
#      IBUF                        : 21
#      OBUF                        : 16

Device utilization summary:
---------------------------

Selected Device : 7k160tffg676-2l 


Slice Logic Utilization: 
 Number of Slice Registers:            1801  out of  202800     0%  
 Number of Slice LUTs:                 4431  out of  101400     4%  
    Number used as Logic:              4367  out of  101400     4%  
    Number used as Memory:               64  out of  35000     0%  
       Number used as SRL:               64

Slice Logic Distribution: 
 Number of LUT Flip Flop pairs used:   4666
   Number with an unused Flip Flop:    2865  out of   4666    61%  
   Number with an unused LUT:           235  out of   4666     5%  
   Number of fully used LUT-FF pairs:  1566  out of   4666    33%  
   Number of unique control sets:        34

IO Utilization: 
 Number of IOs:                          38
 Number of bonded IOBs:                  38  out of    400     9%  

Specific Feature Utilization:
 Number of Block RAM/FIFO:                1  out of    325     0%  
    Number using Block RAM only:          1
 Number of BUFG/BUFGCTRLs:                5  out of     32    15%  

---------------------------
Partition Resource Summary:
---------------------------

  No Partitions were found in this design.

---------------------------


=========================================================================
Timing Report

NOTE: THESE TIMING NUMBERS ARE ONLY A SYNTHESIS ESTIMATE.
      FOR ACCURATE TIMING INFORMATION PLEASE REFER TO THE TRACE REPORT
      GENERATED AFTER PLACE-and-ROUTE.

Clock Information:
------------------
-----------------------------------+----------------------------+-------+
Clock Signal                       | Clock buffer(FF name)      | Load  |
-----------------------------------+----------------------------+-------+
clk_100mhz                         | BUFGP                      | 262   |
clk_cpu(U8/Mmux_Clk_CPU11:O)       | BUFG(*)(U1/ALU_out_reg_31) | 1384  |
U8/clkdiv_6                        | BUFG                       | 35    |
clk_io(clk_io1:O)                  | BUFG(*)(U10/counter_Ctrl_2)| 141   |
U9/clk1                            | BUFG                       | 41    |
M4/push(M4/push1:O)                | NONE(*)(M4/state_0)        | 3     |
-----------------------------------+----------------------------+-------+
(*) These 3 clock signal(s) are generated by combinatorial logic,
and XST is not able to identify which are the primary clock signals.
Please use the CLOCK_SIGNAL constraint to specify the clock signal(s) generated by combinatorial logic.
INFO:Xst:2169 - HDL ADVISOR - Some clock signals were not automatically buffered by XST with BUFG/BUFR resources. Please use the buffer_type constraint in order to insert these buffers to the clock signals to help prevent skew problems.

Asynchronous Control Signals Information:
----------------------------------------
-----------------------------------+-----------------------------------------------------------------------------------------------------------------------------------------+-------+
Control Signal                     | Buffer(FF name)                                                                                                                         | Load  |
-----------------------------------+-----------------------------------------------------------------------------------------------------------------------------------------+-------+
U3/N1(U3/XST_GND:G)                | NONE(U3/U0/xst_blk_mem_generator/gnativebmg.native_blk_mem_gen/valid.cstr/ramloop[0].ram.r/v6_init.ram/NO_BMM_INFO.SP.SIMPLE_PRIM36.ram)| 2     |
-----------------------------------+-----------------------------------------------------------------------------------------------------------------------------------------+-------+

Timing Summary:
---------------
Speed Grade: -2

   Minimum period: 6.125ns (Maximum Frequency: 163.256MHz)
   Minimum input arrival time before clock: 2.109ns
   Maximum output required time after clock: 0.658ns
   Maximum combinational path delay: No path found

Timing Details:
---------------
All values displayed in nanoseconds (ns)

=========================================================================
Timing constraint: Default period analysis for Clock 'clk_100mhz'
  Clock period: 4.943ns (frequency: 202.320MHz)
  Total number of paths / destination ports: 12105 / 333
-------------------------------------------------------------------------
Delay:               4.943ns (Levels of Logic = 12)
  Source:            U9/SW_OK_5 (FF)
  Destination:       U6/M2/buffer_51 (FF)
  Source Clock:      clk_100mhz rising
  Destination Clock: clk_100mhz rising

  Data Path: U9/SW_OK_5 to U6/M2/buffer_51
                                Gate     Net
    Cell:in->out      fanout   Delay   Delay  Logical Name (Net Name)
    ----------------------------------------  ------------
     FDE:C->Q            100   0.236   0.547  SW_OK_5 (SW_OK<5>)
     end scope: 'U9:SW_OK<5>'
     begin scope: 'U4:SW<5>'
     LUT6:I4->O            6   0.043   0.550  Mmux_Cpu_data4bus281 (Cpu_data4bus<5>)
     end scope: 'U4:Cpu_data4bus<5>'
     begin scope: 'U5:data6<5>'
     LUT6:I2->O            1   0.043   0.000  MUX1_DispData/Mmux_o_327 (MUX1_DispData/Mmux_o_327)
     MUXF7:I1->O          13   0.178   0.407  MUX1_DispData/Mmux_o_2_f7_26 (Disp_num<5>)
     end scope: 'U5:Disp_num<5>'
     begin scope: 'U6:Hexs<5>'
     INV:I->O              8   0.054   0.642  SM1/HTS6/MSEG/XLXI_3 (SM1/HTS6/MSEG/XLXN_62)
     AND3:I1->O            1   0.043   0.613  SM1/HTS6/MSEG/XLXI_35 (SM1/HTS6/MSEG/XLXN_172)
     OR3:I0->O             1   0.043   0.603  SM1/HTS6/MSEG/XLXI_36 (SM1/HTS6/MSEG/XLXN_212)
     OR2:I1->O             1   0.043   0.405  SM1/HTS6/MSEG/XLXI_51 (XLXN_390<51>)
     LUT6:I4->O            1   0.043   0.405  M2/mux11011 (M2/state[1]_GND_3_o_wide_mux_15_OUT<51>)
     LUT3:I1->O            1   0.043   0.000  M2/buffer_51_rstpot (M2/buffer_51_rstpot)
     FD:D                     -0.000          M2/buffer_51
    ----------------------------------------
    Total                      4.943ns (0.769ns logic, 4.174ns route)
                                       (15.6% logic, 84.4% route)

=========================================================================
Timing constraint: Default period analysis for Clock 'clk_cpu'
  Clock period: 6.125ns (frequency: 163.256MHz)
  Total number of paths / destination ports: 34165147 / 2496
-------------------------------------------------------------------------
Delay:               6.125ns (Levels of Logic = 42)
  Source:            U1/control/funct_3 (FF)
  Destination:       U1/ALU/D_31 (FF)
  Source Clock:      clk_cpu rising
  Destination Clock: clk_cpu rising

  Data Path: U1/control/funct_3 to U1/ALU/D_31
                                Gate     Net
    Cell:in->out      fanout   Delay   Delay  Logical Name (Net Name)
    ----------------------------------------  ------------
     FDR:C->Q              2   0.236   0.618  U1/control/funct_3 (U1/control/funct_3)
     LUT6:I0->O            6   0.043   0.550  U1/control/funct[5]_funct[5]_OR_57_o1 (U1/control/funct[5]_funct[5]_OR_57_o)
     LUT6:I2->O            3   0.043   0.507  U1/control/Mmux_WBSel31 (U1/WBSel<2>)
     LUT6:I3->O            4   0.043   0.367  U1/data_control/EX_WBSel[4]_rt[4]_equal_70_o5_SW0 (N193)
     LUT5:I4->O           75   0.043   0.488  U1/data_control/EX_WBSel[4]_rt[4]_equal_70_o5 (U1/data_control/EX_WBSel[4]_rt[4]_equal_70_o)
     LUT6:I5->O            1   0.043   0.350  U1/rtv_selector/Mmux_y_r12 (U1/rtv_selector/Mmux_y_r110)
     LUT6:I5->O           19   0.043   0.451  U1/alu_input2_mux/Mmux_y110 (U1/ALU_input2<0>)
     LUT5:I4->O            1   0.043   0.522  U1/ALU/Mmux_ALUOp[4]_D[32]_wide_mux_31_OUT7_A1_SW3 (N187)
     LUT6:I2->O            1   0.043   0.350  U1/ALU/Mmux_ALUOp[4]_D[32]_wide_mux_31_OUT7_A1 (U1/ALU/Mmux_ALUOp[4]_D[32]_wide_mux_31_OUT7_rs_A<0>)
     LUT5:I4->O            1   0.043   0.000  U1/ALU/Mmux_ALUOp[4]_D[32]_wide_mux_31_OUT7_rs_lut<0> (U1/ALU/Mmux_ALUOp[4]_D[32]_wide_mux_31_OUT7_rs_lut<0>)
     MUXCY:S->O            1   0.238   0.000  U1/ALU/Mmux_ALUOp[4]_D[32]_wide_mux_31_OUT7_rs_cy<0> (U1/ALU/Mmux_ALUOp[4]_D[32]_wide_mux_31_OUT7_rs_cy<0>)
     MUXCY:CI->O           1   0.013   0.000  U1/ALU/Mmux_ALUOp[4]_D[32]_wide_mux_31_OUT7_rs_cy<1> (U1/ALU/Mmux_ALUOp[4]_D[32]_wide_mux_31_OUT7_rs_cy<1>)
     MUXCY:CI->O           1   0.013   0.000  U1/ALU/Mmux_ALUOp[4]_D[32]_wide_mux_31_OUT7_rs_cy<2> (U1/ALU/Mmux_ALUOp[4]_D[32]_wide_mux_31_OUT7_rs_cy<2>)
     MUXCY:CI->O           1   0.013   0.000  U1/ALU/Mmux_ALUOp[4]_D[32]_wide_mux_31_OUT7_rs_cy<3> (U1/ALU/Mmux_ALUOp[4]_D[32]_wide_mux_31_OUT7_rs_cy<3>)
     MUXCY:CI->O           1   0.013   0.000  U1/ALU/Mmux_ALUOp[4]_D[32]_wide_mux_31_OUT7_rs_cy<4> (U1/ALU/Mmux_ALUOp[4]_D[32]_wide_mux_31_OUT7_rs_cy<4>)
     MUXCY:CI->O           1   0.013   0.000  U1/ALU/Mmux_ALUOp[4]_D[32]_wide_mux_31_OUT7_rs_cy<5> (U1/ALU/Mmux_ALUOp[4]_D[32]_wide_mux_31_OUT7_rs_cy<5>)
     MUXCY:CI->O           1   0.013   0.000  U1/ALU/Mmux_ALUOp[4]_D[32]_wide_mux_31_OUT7_rs_cy<6> (U1/ALU/Mmux_ALUOp[4]_D[32]_wide_mux_31_OUT7_rs_cy<6>)
     MUXCY:CI->O           1   0.013   0.000  U1/ALU/Mmux_ALUOp[4]_D[32]_wide_mux_31_OUT7_rs_cy<7> (U1/ALU/Mmux_ALUOp[4]_D[32]_wide_mux_31_OUT7_rs_cy<7>)
     MUXCY:CI->O           1   0.013   0.000  U1/ALU/Mmux_ALUOp[4]_D[32]_wide_mux_31_OUT7_rs_cy<8> (U1/ALU/Mmux_ALUOp[4]_D[32]_wide_mux_31_OUT7_rs_cy<8>)
     MUXCY:CI->O           1   0.013   0.000  U1/ALU/Mmux_ALUOp[4]_D[32]_wide_mux_31_OUT7_rs_cy<9> (U1/ALU/Mmux_ALUOp[4]_D[32]_wide_mux_31_OUT7_rs_cy<9>)
     MUXCY:CI->O           1   0.013   0.000  U1/ALU/Mmux_ALUOp[4]_D[32]_wide_mux_31_OUT7_rs_cy<10> (U1/ALU/Mmux_ALUOp[4]_D[32]_wide_mux_31_OUT7_rs_cy<10>)
     MUXCY:CI->O           1   0.013   0.000  U1/ALU/Mmux_ALUOp[4]_D[32]_wide_mux_31_OUT7_rs_cy<11> (U1/ALU/Mmux_ALUOp[4]_D[32]_wide_mux_31_OUT7_rs_cy<11>)
     MUXCY:CI->O           1   0.013   0.000  U1/ALU/Mmux_ALUOp[4]_D[32]_wide_mux_31_OUT7_rs_cy<12> (U1/ALU/Mmux_ALUOp[4]_D[32]_wide_mux_31_OUT7_rs_cy<12>)
     MUXCY:CI->O           1   0.013   0.000  U1/ALU/Mmux_ALUOp[4]_D[32]_wide_mux_31_OUT7_rs_cy<13> (U1/ALU/Mmux_ALUOp[4]_D[32]_wide_mux_31_OUT7_rs_cy<13>)
     MUXCY:CI->O           1   0.013   0.000  U1/ALU/Mmux_ALUOp[4]_D[32]_wide_mux_31_OUT7_rs_cy<14> (U1/ALU/Mmux_ALUOp[4]_D[32]_wide_mux_31_OUT7_rs_cy<14>)
     MUXCY:CI->O           1   0.013   0.000  U1/ALU/Mmux_ALUOp[4]_D[32]_wide_mux_31_OUT7_rs_cy<15> (U1/ALU/Mmux_ALUOp[4]_D[32]_wide_mux_31_OUT7_rs_cy<15>)
     MUXCY:CI->O           1   0.013   0.000  U1/ALU/Mmux_ALUOp[4]_D[32]_wide_mux_31_OUT7_rs_cy<16> (U1/ALU/Mmux_ALUOp[4]_D[32]_wide_mux_31_OUT7_rs_cy<16>)
     MUXCY:CI->O           1   0.013   0.000  U1/ALU/Mmux_ALUOp[4]_D[32]_wide_mux_31_OUT7_rs_cy<17> (U1/ALU/Mmux_ALUOp[4]_D[32]_wide_mux_31_OUT7_rs_cy<17>)
     MUXCY:CI->O           1   0.013   0.000  U1/ALU/Mmux_ALUOp[4]_D[32]_wide_mux_31_OUT7_rs_cy<18> (U1/ALU/Mmux_ALUOp[4]_D[32]_wide_mux_31_OUT7_rs_cy<18>)
     MUXCY:CI->O           1   0.013   0.000  U1/ALU/Mmux_ALUOp[4]_D[32]_wide_mux_31_OUT7_rs_cy<19> (U1/ALU/Mmux_ALUOp[4]_D[32]_wide_mux_31_OUT7_rs_cy<19>)
     MUXCY:CI->O           1   0.013   0.000  U1/ALU/Mmux_ALUOp[4]_D[32]_wide_mux_31_OUT7_rs_cy<20> (U1/ALU/Mmux_ALUOp[4]_D[32]_wide_mux_31_OUT7_rs_cy<20>)
     MUXCY:CI->O           1   0.013   0.000  U1/ALU/Mmux_ALUOp[4]_D[32]_wide_mux_31_OUT7_rs_cy<21> (U1/ALU/Mmux_ALUOp[4]_D[32]_wide_mux_31_OUT7_rs_cy<21>)
     MUXCY:CI->O           1   0.013   0.000  U1/ALU/Mmux_ALUOp[4]_D[32]_wide_mux_31_OUT7_rs_cy<22> (U1/ALU/Mmux_ALUOp[4]_D[32]_wide_mux_31_OUT7_rs_cy<22>)
     MUXCY:CI->O           1   0.013   0.000  U1/ALU/Mmux_ALUOp[4]_D[32]_wide_mux_31_OUT7_rs_cy<23> (U1/ALU/Mmux_ALUOp[4]_D[32]_wide_mux_31_OUT7_rs_cy<23>)
     MUXCY:CI->O           1   0.013   0.000  U1/ALU/Mmux_ALUOp[4]_D[32]_wide_mux_31_OUT7_rs_cy<24> (U1/ALU/Mmux_ALUOp[4]_D[32]_wide_mux_31_OUT7_rs_cy<24>)
     MUXCY:CI->O           1   0.013   0.000  U1/ALU/Mmux_ALUOp[4]_D[32]_wide_mux_31_OUT7_rs_cy<25> (U1/ALU/Mmux_ALUOp[4]_D[32]_wide_mux_31_OUT7_rs_cy<25>)
     MUXCY:CI->O           1   0.013   0.000  U1/ALU/Mmux_ALUOp[4]_D[32]_wide_mux_31_OUT7_rs_cy<26> (U1/ALU/Mmux_ALUOp[4]_D[32]_wide_mux_31_OUT7_rs_cy<26>)
     MUXCY:CI->O           1   0.013   0.000  U1/ALU/Mmux_ALUOp[4]_D[32]_wide_mux_31_OUT7_rs_cy<27> (U1/ALU/Mmux_ALUOp[4]_D[32]_wide_mux_31_OUT7_rs_cy<27>)
     MUXCY:CI->O           1   0.013   0.000  U1/ALU/Mmux_ALUOp[4]_D[32]_wide_mux_31_OUT7_rs_cy<28> (U1/ALU/Mmux_ALUOp[4]_D[32]_wide_mux_31_OUT7_rs_cy<28>)
     MUXCY:CI->O           1   0.013   0.000  U1/ALU/Mmux_ALUOp[4]_D[32]_wide_mux_31_OUT7_rs_cy<29> (U1/ALU/Mmux_ALUOp[4]_D[32]_wide_mux_31_OUT7_rs_cy<29>)
     MUXCY:CI->O           0   0.013   0.000  U1/ALU/Mmux_ALUOp[4]_D[32]_wide_mux_31_OUT7_rs_cy<30> (U1/ALU/Mmux_ALUOp[4]_D[32]_wide_mux_31_OUT7_rs_cy<30>)
     XORCY:CI->O           1   0.262   0.350  U1/ALU/Mmux_ALUOp[4]_D[32]_wide_mux_31_OUT7_rs_xor<31> (U1/ALU/Mmux_ALUOp[4]_D[32]_wide_mux_31_OUT7_split<31>)
     LUT6:I5->O            1   0.043   0.000  U1/ALU/Mmux_ALUOp[4]_D[32]_wide_mux_31_OUT24518 (U1/ALU/Mmux_ALUOp[4]_D[32]_wide_mux_31_OUT24_split<31>)
     FD:D                     -0.000          U1/ALU/D_31
    ----------------------------------------
    Total                      6.125ns (1.571ns logic, 4.554ns route)
                                       (25.6% logic, 74.4% route)

=========================================================================
Timing constraint: Default period analysis for Clock 'U8/clkdiv_6'
  Clock period: 2.221ns (frequency: 450.288MHz)
  Total number of paths / destination ports: 787 / 36
-------------------------------------------------------------------------
Delay:               2.221ns (Levels of Logic = 35)
  Source:            U10/counter0_0 (FF)
  Destination:       U10/counter0_32 (FF)
  Source Clock:      U8/clkdiv_6 rising
  Destination Clock: U8/clkdiv_6 rising

  Data Path: U10/counter0_0 to U10/counter0_32
                                Gate     Net
    Cell:in->out      fanout   Delay   Delay  Logical Name (Net Name)
    ----------------------------------------  ------------
     FDC:C->Q              4   0.236   0.367  U10/counter0_0 (U10/counter0_0)
     LUT1:I0->O            1   0.043   0.000  U10/Msub_counter0[32]_GND_23_o_sub_26_OUT_cy<0>_rt (U10/Msub_counter0[32]_GND_23_o_sub_26_OUT_cy<0>_rt)
     MUXCY:S->O            1   0.238   0.000  U10/Msub_counter0[32]_GND_23_o_sub_26_OUT_cy<0> (U10/Msub_counter0[32]_GND_23_o_sub_26_OUT_cy<0>)
     MUXCY:CI->O           1   0.013   0.000  U10/Msub_counter0[32]_GND_23_o_sub_26_OUT_cy<1> (U10/Msub_counter0[32]_GND_23_o_sub_26_OUT_cy<1>)
     MUXCY:CI->O           1   0.013   0.000  U10/Msub_counter0[32]_GND_23_o_sub_26_OUT_cy<2> (U10/Msub_counter0[32]_GND_23_o_sub_26_OUT_cy<2>)
     MUXCY:CI->O           1   0.013   0.000  U10/Msub_counter0[32]_GND_23_o_sub_26_OUT_cy<3> (U10/Msub_counter0[32]_GND_23_o_sub_26_OUT_cy<3>)
     MUXCY:CI->O           1   0.013   0.000  U10/Msub_counter0[32]_GND_23_o_sub_26_OUT_cy<4> (U10/Msub_counter0[32]_GND_23_o_sub_26_OUT_cy<4>)
     MUXCY:CI->O           1   0.013   0.000  U10/Msub_counter0[32]_GND_23_o_sub_26_OUT_cy<5> (U10/Msub_counter0[32]_GND_23_o_sub_26_OUT_cy<5>)
     MUXCY:CI->O           1   0.013   0.000  U10/Msub_counter0[32]_GND_23_o_sub_26_OUT_cy<6> (U10/Msub_counter0[32]_GND_23_o_sub_26_OUT_cy<6>)
     MUXCY:CI->O           1   0.013   0.000  U10/Msub_counter0[32]_GND_23_o_sub_26_OUT_cy<7> (U10/Msub_counter0[32]_GND_23_o_sub_26_OUT_cy<7>)
     MUXCY:CI->O           1   0.013   0.000  U10/Msub_counter0[32]_GND_23_o_sub_26_OUT_cy<8> (U10/Msub_counter0[32]_GND_23_o_sub_26_OUT_cy<8>)
     MUXCY:CI->O           1   0.013   0.000  U10/Msub_counter0[32]_GND_23_o_sub_26_OUT_cy<9> (U10/Msub_counter0[32]_GND_23_o_sub_26_OUT_cy<9>)
     MUXCY:CI->O           1   0.013   0.000  U10/Msub_counter0[32]_GND_23_o_sub_26_OUT_cy<10> (U10/Msub_counter0[32]_GND_23_o_sub_26_OUT_cy<10>)
     MUXCY:CI->O           1   0.013   0.000  U10/Msub_counter0[32]_GND_23_o_sub_26_OUT_cy<11> (U10/Msub_counter0[32]_GND_23_o_sub_26_OUT_cy<11>)
     MUXCY:CI->O           1   0.013   0.000  U10/Msub_counter0[32]_GND_23_o_sub_26_OUT_cy<12> (U10/Msub_counter0[32]_GND_23_o_sub_26_OUT_cy<12>)
     MUXCY:CI->O           1   0.013   0.000  U10/Msub_counter0[32]_GND_23_o_sub_26_OUT_cy<13> (U10/Msub_counter0[32]_GND_23_o_sub_26_OUT_cy<13>)
     MUXCY:CI->O           1   0.013   0.000  U10/Msub_counter0[32]_GND_23_o_sub_26_OUT_cy<14> (U10/Msub_counter0[32]_GND_23_o_sub_26_OUT_cy<14>)
     MUXCY:CI->O           1   0.013   0.000  U10/Msub_counter0[32]_GND_23_o_sub_26_OUT_cy<15> (U10/Msub_counter0[32]_GND_23_o_sub_26_OUT_cy<15>)
     MUXCY:CI->O           1   0.013   0.000  U10/Msub_counter0[32]_GND_23_o_sub_26_OUT_cy<16> (U10/Msub_counter0[32]_GND_23_o_sub_26_OUT_cy<16>)
     MUXCY:CI->O           1   0.013   0.000  U10/Msub_counter0[32]_GND_23_o_sub_26_OUT_cy<17> (U10/Msub_counter0[32]_GND_23_o_sub_26_OUT_cy<17>)
     MUXCY:CI->O           1   0.013   0.000  U10/Msub_counter0[32]_GND_23_o_sub_26_OUT_cy<18> (U10/Msub_counter0[32]_GND_23_o_sub_26_OUT_cy<18>)
     MUXCY:CI->O           1   0.013   0.000  U10/Msub_counter0[32]_GND_23_o_sub_26_OUT_cy<19> (U10/Msub_counter0[32]_GND_23_o_sub_26_OUT_cy<19>)
     MUXCY:CI->O           1   0.013   0.000  U10/Msub_counter0[32]_GND_23_o_sub_26_OUT_cy<20> (U10/Msub_counter0[32]_GND_23_o_sub_26_OUT_cy<20>)
     MUXCY:CI->O           1   0.013   0.000  U10/Msub_counter0[32]_GND_23_o_sub_26_OUT_cy<21> (U10/Msub_counter0[32]_GND_23_o_sub_26_OUT_cy<21>)
     MUXCY:CI->O           1   0.013   0.000  U10/Msub_counter0[32]_GND_23_o_sub_26_OUT_cy<22> (U10/Msub_counter0[32]_GND_23_o_sub_26_OUT_cy<22>)
     MUXCY:CI->O           1   0.013   0.000  U10/Msub_counter0[32]_GND_23_o_sub_26_OUT_cy<23> (U10/Msub_counter0[32]_GND_23_o_sub_26_OUT_cy<23>)
     MUXCY:CI->O           1   0.013   0.000  U10/Msub_counter0[32]_GND_23_o_sub_26_OUT_cy<24> (U10/Msub_counter0[32]_GND_23_o_sub_26_OUT_cy<24>)
     MUXCY:CI->O           1   0.013   0.000  U10/Msub_counter0[32]_GND_23_o_sub_26_OUT_cy<25> (U10/Msub_counter0[32]_GND_23_o_sub_26_OUT_cy<25>)
     MUXCY:CI->O           1   0.013   0.000  U10/Msub_counter0[32]_GND_23_o_sub_26_OUT_cy<26> (U10/Msub_counter0[32]_GND_23_o_sub_26_OUT_cy<26>)
     MUXCY:CI->O           1   0.013   0.000  U10/Msub_counter0[32]_GND_23_o_sub_26_OUT_cy<27> (U10/Msub_counter0[32]_GND_23_o_sub_26_OUT_cy<27>)
     MUXCY:CI->O           1   0.013   0.000  U10/Msub_counter0[32]_GND_23_o_sub_26_OUT_cy<28> (U10/Msub_counter0[32]_GND_23_o_sub_26_OUT_cy<28>)
     MUXCY:CI->O           1   0.013   0.000  U10/Msub_counter0[32]_GND_23_o_sub_26_OUT_cy<29> (U10/Msub_counter0[32]_GND_23_o_sub_26_OUT_cy<29>)
     MUXCY:CI->O           1   0.013   0.000  U10/Msub_counter0[32]_GND_23_o_sub_26_OUT_cy<30> (U10/Msub_counter0[32]_GND_23_o_sub_26_OUT_cy<30>)
     MUXCY:CI->O           0   0.013   0.000  U10/Msub_counter0[32]_GND_23_o_sub_26_OUT_cy<31> (U10/Msub_counter0[32]_GND_23_o_sub_26_OUT_cy<31>)
     XORCY:CI->O           1   0.262   0.613  U10/Msub_counter0[32]_GND_23_o_sub_26_OUT_xor<32> (U10/counter0[32]_GND_23_o_sub_26_OUT<32>)
     LUT6:I0->O            1   0.043   0.000  U10/Mmux_counter_Ctrl[2]_counter0[32]_wide_mux_26_OUT262 (U10/counter_Ctrl[2]_counter0[32]_wide_mux_26_OUT<32>)
     FDC:D                    -0.000          U10/counter0_32
    ----------------------------------------
    Total                      2.221ns (1.240ns logic, 0.980ns route)
                                       (55.9% logic, 44.1% route)

=========================================================================
Timing constraint: Default period analysis for Clock 'clk_io'
  Clock period: 2.840ns (frequency: 352.149MHz)
  Total number of paths / destination ports: 351 / 80
-------------------------------------------------------------------------
Delay:               1.420ns (Levels of Logic = 2)
  Source:            U7/counter_set_1 (FF)
  Destination:       U10/counter0_Lock_31 (FF)
  Source Clock:      clk_io falling
  Destination Clock: clk_io rising

  Data Path: U7/counter_set_1 to U10/counter0_Lock_31
                                Gate     Net
    Cell:in->out      fanout   Delay   Delay  Logical Name (Net Name)
    ----------------------------------------  ------------
     FDCE_1:C->Q           3   0.240   0.507  counter_set_1 (counter_set<1>)
     end scope: 'U7:counter_set<1>'
     LUT3:I0->O           32   0.043   0.469  U10/_n0100<1>11 (U10/_n0100<1>1)
     FDCE:CE                   0.161          U10/counter0_Lock_0
    ----------------------------------------
    Total                      1.420ns (0.444ns logic, 0.976ns route)
                                       (31.3% logic, 68.7% route)

=========================================================================
Timing constraint: Default period analysis for Clock 'U9/clk1'
  Clock period: 2.152ns (frequency: 464.587MHz)
  Total number of paths / destination ports: 1454 / 90
-------------------------------------------------------------------------
Delay:               2.152ns (Levels of Logic = 7)
  Source:            U9/counter_8 (FF)
  Destination:       U9/Key_x_0 (FF)
  Source Clock:      U9/clk1 rising
  Destination Clock: U9/clk1 rising

  Data Path: U9/counter_8 to U9/Key_x_0
                                Gate     Net
    Cell:in->out      fanout   Delay   Delay  Logical Name (Net Name)
    ----------------------------------------  ------------
     FDRE:C->Q             3   0.236   0.615  counter_8 (counter<8>)
     LUT5:I0->O            1   0.043   0.000  Mcompar_counter[31]_GND_1_o_LessThan_5_o_lut<0> (Mcompar_counter[31]_GND_1_o_LessThan_5_o_lut<0>)
     MUXCY:S->O            1   0.238   0.000  Mcompar_counter[31]_GND_1_o_LessThan_5_o_cy<0> (Mcompar_counter[31]_GND_1_o_LessThan_5_o_cy<0>)
     MUXCY:CI->O           1   0.013   0.000  Mcompar_counter[31]_GND_1_o_LessThan_5_o_cy<1> (Mcompar_counter[31]_GND_1_o_LessThan_5_o_cy<1>)
     MUXCY:CI->O           1   0.013   0.000  Mcompar_counter[31]_GND_1_o_LessThan_5_o_cy<2> (Mcompar_counter[31]_GND_1_o_LessThan_5_o_cy<2>)
     MUXCY:CI->O           1   0.013   0.000  Mcompar_counter[31]_GND_1_o_LessThan_5_o_cy<3> (Mcompar_counter[31]_GND_1_o_LessThan_5_o_cy<3>)
     MUXCY:CI->O           8   0.013   0.378  Mcompar_counter[31]_GND_1_o_LessThan_5_o_cy<4> (Mcompar_counter[31]_GND_1_o_LessThan_5_o_cy<4>)
     INV:I->O              7   0.054   0.373  _n0225_inv1_cepot_INV_0 (_n0225_inv1_cepot)
     FDE:CE                    0.161          Key_x_0
    ----------------------------------------
    Total                      2.152ns (0.786ns logic, 1.366ns route)
                                       (36.5% logic, 63.5% route)

=========================================================================
Timing constraint: Default period analysis for Clock 'M4/push'
  Clock period: 1.069ns (frequency: 935.060MHz)
  Total number of paths / destination ports: 6 / 3
-------------------------------------------------------------------------
Delay:               1.069ns (Levels of Logic = 1)
  Source:            M4/state_0 (FF)
  Destination:       M4/state_0 (FF)
  Source Clock:      M4/push rising
  Destination Clock: M4/push rising

  Data Path: M4/state_0 to M4/state_0
                                Gate     Net
    Cell:in->out      fanout   Delay   Delay  Logical Name (Net Name)
    ----------------------------------------  ------------
     FDE:C->Q             19   0.236   0.440  state_0 (state<0>)
     INV:I->O              1   0.054   0.339  Result<0>1_INV_0 (Result<0>)
     FDE:D                    -0.000          state_0
    ----------------------------------------
    Total                      1.069ns (0.290ns logic, 0.779ns route)
                                       (27.1% logic, 72.9% route)

=========================================================================
Timing constraint: Default OFFSET IN BEFORE for Clock 'clk_100mhz'
  Total number of paths / destination ports: 1195 / 100
-------------------------------------------------------------------------
Offset:              2.089ns (Levels of Logic = 10)
  Source:            SW<2> (PAD)
  Destination:       U9/SW_OK_0 (FF)
  Destination Clock: clk_100mhz rising

  Data Path: SW<2> to U9/SW_OK_0
                                Gate     Net
    Cell:in->out      fanout   Delay   Delay  Logical Name (Net Name)
    ----------------------------------------  ------------
     IBUF:I->O             3   0.000   0.625  SW_2_IBUF (SW_2_IBUF)
     begin scope: 'U9:SW<2>'
     LUT6:I0->O            1   0.043   0.000  Mcompar_sw_temp[15]_SW[15]_not_equal_100_o_lut<0> (Mcompar_sw_temp[15]_SW[15]_not_equal_100_o_lut<0>)
     MUXCY:S->O            1   0.238   0.000  Mcompar_sw_temp[15]_SW[15]_not_equal_100_o_cy<0> (Mcompar_sw_temp[15]_SW[15]_not_equal_100_o_cy<0>)
     MUXCY:CI->O           1   0.013   0.000  Mcompar_sw_temp[15]_SW[15]_not_equal_100_o_cy<1> (Mcompar_sw_temp[15]_SW[15]_not_equal_100_o_cy<1>)
     MUXCY:CI->O           1   0.013   0.000  Mcompar_sw_temp[15]_SW[15]_not_equal_100_o_cy<2> (Mcompar_sw_temp[15]_SW[15]_not_equal_100_o_cy<2>)
     MUXCY:CI->O           1   0.013   0.000  Mcompar_sw_temp[15]_SW[15]_not_equal_100_o_cy<3> (Mcompar_sw_temp[15]_SW[15]_not_equal_100_o_cy<3>)
     MUXCY:CI->O           1   0.013   0.000  Mcompar_sw_temp[15]_SW[15]_not_equal_100_o_cy<4> (Mcompar_sw_temp[15]_SW[15]_not_equal_100_o_cy<4>)
     MUXCY:CI->O          43   0.013   0.471  Mcompar_sw_temp[15]_SW[15]_not_equal_100_o_cy<5> (sw_temp[15]_SW[15]_not_equal_100_o)
     INV:I->O             17   0.054   0.429  _n0243_inv1_cepot_cepot_INV_0 (_n0243_inv1_cepot_cepot)
     FDE:CE                    0.161          SW_OK_0
    ----------------------------------------
    Total                      2.089ns (0.563ns logic, 1.525ns route)
                                       (27.0% logic, 73.0% route)

=========================================================================
Timing constraint: Default OFFSET IN BEFORE for Clock 'U9/clk1'
  Total number of paths / destination ports: 176 / 41
-------------------------------------------------------------------------
Offset:              2.109ns (Levels of Logic = 6)
  Source:            BTN_y<3> (PAD)
  Destination:       U9/Key_x_1 (FF)
  Destination Clock: U9/clk1 rising

  Data Path: BTN_y<3> to U9/Key_x_1
                                Gate     Net
    Cell:in->out      fanout   Delay   Delay  Logical Name (Net Name)
    ----------------------------------------  ------------
     IBUF:I->O             6   0.000   0.550  BTN_y_3_IBUF (BTN_y_3_IBUF)
     begin scope: 'U9:Key_y<3>'
     LUT4:I0->O           12   0.043   0.674  out1 (n0016)
     LUT6:I0->O            3   0.043   0.362  _n0295<0>1 (_n0295<0>)
     LUT6:I5->O            1   0.043   0.350  Key_x[4]_PWR_1_o_select_74_OUT<1>1 (Key_x[4]_PWR_1_o_select_74_OUT<4>)
     LUT3:I2->O            1   0.043   0.000  Key_x_4_dpot (Key_x_4_dpot)
     FDE:D                    -0.000          Key_x_4
    ----------------------------------------
    Total                      2.109ns (0.172ns logic, 1.937ns route)
                                       (8.2% logic, 91.8% route)

=========================================================================
Timing constraint: Default OFFSET OUT AFTER for Clock 'U9/clk1'
  Total number of paths / destination ports: 6 / 6
-------------------------------------------------------------------------
Offset:              0.658ns (Levels of Logic = 2)
  Source:            U9/Key_x_4 (FF)
  Destination:       BTN_x<4> (PAD)
  Source Clock:      U9/clk1 rising

  Data Path: U9/Key_x_4 to BTN_x<4>
                                Gate     Net
    Cell:in->out      fanout   Delay   Delay  Logical Name (Net Name)
    ----------------------------------------  ------------
     FDE:C->Q             16   0.236   0.422  Key_x_4 (Key_x<4>)
     end scope: 'U9:Key_x<4>'
     OBUF:I->O                 0.000          BTN_x_4_OBUF (BTN_x<4>)
    ----------------------------------------
    Total                      0.658ns (0.236ns logic, 0.422ns route)
                                       (35.8% logic, 64.2% route)

=========================================================================
Timing constraint: Default OFFSET OUT AFTER for Clock 'clk_100mhz'
  Total number of paths / destination ports: 5 / 5
-------------------------------------------------------------------------
Offset:              0.625ns (Levels of Logic = 2)
  Source:            U6/M2/s_clk (FF)
  Destination:       seg_clk (PAD)
  Source Clock:      clk_100mhz rising

  Data Path: U6/M2/s_clk to seg_clk
                                Gate     Net
    Cell:in->out      fanout   Delay   Delay  Logical Name (Net Name)
    ----------------------------------------  ------------
     FDC:C->Q             10   0.236   0.389  M2/s_clk (seg_clk)
     end scope: 'U6:seg_clk'
     OBUF:I->O                 0.000          seg_clk_OBUF (seg_clk)
    ----------------------------------------
    Total                      0.625ns (0.236ns logic, 0.389ns route)
                                       (37.7% logic, 62.3% route)

=========================================================================
Timing constraint: Default OFFSET OUT AFTER for Clock 'clk_io'
  Total number of paths / destination ports: 3 / 3
-------------------------------------------------------------------------
Offset:              0.592ns (Levels of Logic = 2)
  Source:            U7/P2S_led/s_clk (FF)
  Destination:       led_clk (PAD)
  Source Clock:      clk_io rising

  Data Path: U7/P2S_led/s_clk to led_clk
                                Gate     Net
    Cell:in->out      fanout   Delay   Delay  Logical Name (Net Name)
    ----------------------------------------  ------------
     FDC:C->Q              4   0.236   0.356  P2S_led/s_clk (led_clk)
     end scope: 'U7:led_clk'
     OBUF:I->O                 0.000          led_clk_OBUF (led_clk)
    ----------------------------------------
    Total                      0.592ns (0.236ns logic, 0.356ns route)
                                       (39.9% logic, 60.1% route)

=========================================================================

Cross Clock Domains Report:
--------------------------

Clock to Setup on destination clock M4/push
---------------+---------+---------+---------+---------+
               | Src:Rise| Src:Fall| Src:Rise| Src:Fall|
Source Clock   |Dest:Rise|Dest:Rise|Dest:Fall|Dest:Fall|
---------------+---------+---------+---------+---------+
M4/push        |    1.069|         |         |         |
U9/clk1        |    0.818|         |         |         |
clk_100mhz     |    1.340|         |         |         |
---------------+---------+---------+---------+---------+

Clock to Setup on destination clock U8/clkdiv_6
---------------+---------+---------+---------+---------+
               | Src:Rise| Src:Fall| Src:Rise| Src:Fall|
Source Clock   |Dest:Rise|Dest:Rise|Dest:Fall|Dest:Fall|
---------------+---------+---------+---------+---------+
U8/clkdiv_6    |    2.221|         |         |         |
clk_100mhz     |    1.619|         |         |         |
clk_io         |    2.160|         |         |         |
---------------+---------+---------+---------+---------+

Clock to Setup on destination clock U9/clk1
---------------+---------+---------+---------+---------+
               | Src:Rise| Src:Fall| Src:Rise| Src:Fall|
Source Clock   |Dest:Rise|Dest:Rise|Dest:Fall|Dest:Fall|
---------------+---------+---------+---------+---------+
U9/clk1        |    2.152|         |         |         |
clk_100mhz     |    1.292|         |         |         |
---------------+---------+---------+---------+---------+

Clock to Setup on destination clock clk_100mhz
---------------+---------+---------+---------+---------+
               | Src:Rise| Src:Fall| Src:Rise| Src:Fall|
Source Clock   |Dest:Rise|Dest:Rise|Dest:Fall|Dest:Fall|
---------------+---------+---------+---------+---------+
M4/push        |    1.928|         |         |         |
U8/clkdiv_6    |    4.955|         |         |         |
U9/clk1        |    1.100|         |         |         |
clk_100mhz     |    4.943|         |         |         |
clk_cpu        |    5.944|         |    1.823|         |
clk_io         |    4.153|    4.830|         |         |
---------------+---------+---------+---------+---------+

Clock to Setup on destination clock clk_cpu
---------------+---------+---------+---------+---------+
               | Src:Rise| Src:Fall| Src:Rise| Src:Fall|
Source Clock   |Dest:Rise|Dest:Rise|Dest:Fall|Dest:Fall|
---------------+---------+---------+---------+---------+
U8/clkdiv_6    |    4.998|         |         |         |
clk_100mhz     |    4.912|         |         |         |
clk_cpu        |    6.125|         |         |         |
clk_io         |         |    4.873|         |         |
---------------+---------+---------+---------+---------+

Clock to Setup on destination clock clk_io
---------------+---------+---------+---------+---------+
               | Src:Rise| Src:Fall| Src:Rise| Src:Fall|
Source Clock   |Dest:Rise|Dest:Rise|Dest:Fall|Dest:Fall|
---------------+---------+---------+---------+---------+
U8/clkdiv_6    |    1.237|         |         |         |
clk_100mhz     |    1.717|         |    1.498|         |
clk_cpu        |    2.101|         |    2.009|         |
clk_io         |    1.876|    1.420|         |         |
---------------+---------+---------+---------+---------+

=========================================================================


Total REAL time to Xst completion: 26.00 secs
Total CPU time to Xst completion: 26.46 secs
 
--> 

Total memory usage is 4650320 kilobytes

Number of errors   :    0 (   0 filtered)
Number of warnings :  109 (   0 filtered)
Number of infos    :   15 (   0 filtered)

